c:\users\rache\source\repos\ece4180_final_asteroids\ece4180_final_asteroids\debug\vc142.pdb
c:\users\rache\source\repos\ece4180_final_asteroids\ece4180_final_asteroids\debug\vc142.idb
c:\users\rache\source\repos\ece4180_final_asteroids\ece4180_final_asteroids\debug\spaceship.obj
c:\users\rache\source\repos\ece4180_final_asteroids\ece4180_final_asteroids\debug\node.obj
c:\users\rache\source\repos\ece4180_final_asteroids\ece4180_final_asteroids\debug\maze.obj
c:\users\rache\source\repos\ece4180_final_asteroids\ece4180_final_asteroids\debug\main.obj
c:\users\rache\source\repos\ece4180_final_asteroids\ece4180_final_asteroids\debug\ece_pacman.obj
c:\users\rache\source\repos\ece4180_final_asteroids\ece4180_final_asteroids\debug\ece_ghost.obj
c:\users\rache\source\repos\ece4180_final_asteroids\ece4180_final_asteroids\debug\serial_com.obj
c:\users\rache\source\repos\ece4180_final_asteroids\ece4180_final_asteroids\debug\asteroid.obj
c:\users\rache\source\repos\ece4180_final_asteroids\ece4180_final_asteroids\debug\blastershot.obj
c:\users\rache\source\repos\ece4180_final_asteroids\debug\ece4180_final_asteroids.exe
c:\users\rache\source\repos\ece4180_final_asteroids\debug\ece4180_final_asteroids.ilk
c:\users\rache\source\repos\ece4180_final_asteroids\debug\ece4180_final_asteroids.pdb
c:\users\rache\source\repos\ece4180_final_asteroids\ece4180_final_asteroids\debug\main.obj.enc
c:\users\rache\source\repos\ece4180_final_asteroids\ece4180_final_asteroids\debug\ece4180_.b40c8889.tlog\cl.command.1.tlog
c:\users\rache\source\repos\ece4180_final_asteroids\ece4180_final_asteroids\debug\ece4180_.b40c8889.tlog\cl.read.1.tlog
c:\users\rache\source\repos\ece4180_final_asteroids\ece4180_final_asteroids\debug\ece4180_.b40c8889.tlog\cl.write.1.tlog
c:\users\rache\source\repos\ece4180_final_asteroids\ece4180_final_asteroids\debug\ece4180_.b40c8889.tlog\link.command.1.tlog
c:\users\rache\source\repos\ece4180_final_asteroids\ece4180_final_asteroids\debug\ece4180_.b40c8889.tlog\link.read.1.tlog
c:\users\rache\source\repos\ece4180_final_asteroids\ece4180_final_asteroids\debug\ece4180_.b40c8889.tlog\link.write.1.tlog
